INFO:root:Depression detected in post ID: 1gmz29b
INFO:root:Depression detected in post ID: 1gmxw4x
INFO:root:Depression detected in post ID: 1gn6o79
INFO:root:Depression detected in post ID: 1gn6q1e
INFO:root:Depression detected in post ID: 1gn7e1m
INFO:root:Depression detected in post ID: 1gn73m7
INFO:root:Depression detected in post ID: 1gn6xwq
INFO:root:Depression detected in post ID: 1gn7lwc
INFO:root:Depression detected in post ID: 1gn7s2w
INFO:root:Depression detected in post ID: 1gn7sxf
INFO:root:Depression detected in post ID: 1gn80dc
INFO:root:Depression detected in post ID: 1gn89ly
INFO:root:Depression detected in post ID: 1gn8okd
INFO:root:Depression detected in post ID: 1gn97fj
INFO:root:Depression detected in post ID: 1gn9gud
INFO:root:Depression detected in post ID: 1gnbm1w
INFO:root:Depression detected in post ID: 1gnc7y1
INFO:root:Depression detected in post ID: 1gncj3b
INFO:root:Depression detected in post ID: 1gncmxi
INFO:root:Depression detected in post ID: 1gncoj1
INFO:root:Depression detected in post ID: 1gnczg8
INFO:root:Depression detected in post ID: 1gnd0de
INFO:root:Depression detected in post ID: 1gnd6tx
INFO:root:Depression detected in post ID: 1gnd8nf
INFO:root:Depression detected in post ID: 1gnddjs
INFO:root:Depression detected in post ID: 1gndjfy
INFO:root:Depression detected in post ID: 1gndknv
INFO:root:Depression detected in post ID: 1gnbmpf
INFO:root:Depression detected in post ID: 1gndsem
INFO:root:Depression detected in post ID: 1gndfrp
INFO:root:Depression detected in post ID: 1gnc80y
INFO:root:Depression detected in post ID: 1gneh94
INFO:root:Depression detected in post ID: 1gnekup
INFO:root:Depression detected in post ID: 1gnf2zb
INFO:root:Depression detected in post ID: 1gnfa6w
INFO:root:Depression detected in post ID: 1gnftbl
INFO:root:Depression detected in post ID: 1gng5yt
INFO:root:Depression detected in post ID: 1gngy3d
INFO:root:Depression detected in post ID: 1gnh02g
INFO:root:Depression detected in post ID: 1gnhcir
INFO:root:Depression detected in post ID: 1gnhiuo
INFO:root:Depression detected in post ID: 1gnib8q
INFO:root:Depression detected in post ID: 1gnjhq6
INFO:root:Depression detected in post ID: 1gnjk0b
INFO:root:Depression detected in post ID: 1gnk6fm
INFO:root:Depression detected in post ID: 1gnkc56
INFO:root:Depression detected in post ID: 1gnkjlc
